<?xml version="1.0" encoding="UTF-8"?>
<!-- Generated by org.testng.reporters.JUnitReportReporter -->
<testsuite skipped="1" hostname="DESKTOP-0THIKDA" name="Flipkart.Test.NewTest" tests="2" failures="0" timestamp="2020-11-30T10:13:18 IST" time="29.934" errors="1">
  <testcase name="browser_properties" time="29.934" classname="Flipkart.Test.NewTest">
    <error type="org.openqa.selenium.SessionNotCreatedException" message="session not created: This version of ChromeDriver only supports Chrome version 85
Build info: version: &#039;4.0.0-alpha-7&#039;, revision: &#039;de8579b6d5&#039;
System info: host: &#039;DESKTOP-0THIKDA&#039;, ip: &#039;192.168.101.9&#039;, os.name: &#039;Windows 10&#039;, os.arch: &#039;amd64&#039;, os.version: &#039;10.0&#039;, java.version: &#039;1.8.0_73&#039;
Driver info: driver.version: ChromeDriver
remote stacktrace: Backtrace:
	Ordinal0 [0x00B1D343+3134275]
	Ordinal0 [0x00A0A131+2007345]
	Ordinal0 [0x008AAEC8+569032]
	Ordinal0 [0x0083139F+70559]
	Ordinal0 [0x0082CC63+52323]
	Ordinal0 [0x00850DFC+200188]
	Ordinal0 [0x00850C1D+199709]
	Ordinal0 [0x0084EB0B+191243]
	Ordinal0 [0x00832E77+77431]
	Ordinal0 [0x00833E3E+81470]
	Ordinal0 [0x00833DC9+81353]
	Ordinal0 [0x00A20C99+2100377]
	GetHandleVerifier [0x00C8B71A+1396954]
	GetHandleVerifier [0x00C8B399+1396057]
	GetHandleVerifier [0x00C970E6+1444518]
	GetHandleVerifier [0x00C8BCA8+1398376]
	Ordinal0 [0x00A17F11+2064145]
	Ordinal0 [0x00A222AB+2106027]
	Ordinal0 [0x00A223D1+2106321]
	Ordinal0 [0x00A34984+2181508]
	BaseThreadInitThunk [0x760FFA29+25]
	RtlGetAppContainerNamedObjectPath [0x779875F4+228]
	RtlGetAppContainerNamedObjectPath [0x779875C4+180]
">
      <![CDATA[org.openqa.selenium.SessionNotCreatedException: session not created: This version of ChromeDriver only supports Chrome version 85
Build info: version: '4.0.0-alpha-7', revision: 'de8579b6d5'
System info: host: 'DESKTOP-0THIKDA', ip: '192.168.101.9', os.name: 'Windows 10', os.arch: 'amd64', os.version: '10.0', java.version: '1.8.0_73'
Driver info: driver.version: ChromeDriver
remote stacktrace: Backtrace:
Ordinal0 [0x00B1D343+3134275]
Ordinal0 [0x00A0A131+2007345]
Ordinal0 [0x008AAEC8+569032]
Ordinal0 [0x0083139F+70559]
Ordinal0 [0x0082CC63+52323]
Ordinal0 [0x00850DFC+200188]
Ordinal0 [0x00850C1D+199709]
Ordinal0 [0x0084EB0B+191243]
Ordinal0 [0x00832E77+77431]
Ordinal0 [0x00833E3E+81470]
Ordinal0 [0x00833DC9+81353]
Ordinal0 [0x00A20C99+2100377]
GetHandleVerifier [0x00C8B71A+1396954]
GetHandleVerifier [0x00C8B399+1396057]
GetHandleVerifier [0x00C970E6+1444518]
GetHandleVerifier [0x00C8BCA8+1398376]
Ordinal0 [0x00A17F11+2064145]
Ordinal0 [0x00A222AB+2106027]
Ordinal0 [0x00A223D1+2106321]
Ordinal0 [0x00A34984+2181508]
BaseThreadInitThunk [0x760FFA29+25]
RtlGetAppContainerNamedObjectPath [0x779875F4+228]
RtlGetAppContainerNamedObjectPath [0x779875C4+180]

at sun.reflect.NativeConstructorAccessorImpl.newInstance0(Native Method)
at sun.reflect.NativeConstructorAccessorImpl.newInstance(NativeConstructorAccessorImpl.java:62)
at sun.reflect.DelegatingConstructorAccessorImpl.newInstance(DelegatingConstructorAccessorImpl.java:45)
at java.lang.reflect.Constructor.newInstance(Constructor.java:422)
at org.openqa.selenium.remote.W3CHandshakeResponse.lambda$errorHandler$0(W3CHandshakeResponse.java:62)
at org.openqa.selenium.remote.HandshakeResponse.lambda$getResponseFunction$0(HandshakeResponse.java:30)
at org.openqa.selenium.remote.ProtocolHandshake.lambda$createSession$1(ProtocolHandshake.java:126)
at java.util.stream.ReferencePipeline$3$1.accept(ReferencePipeline.java:193)
at java.util.Spliterators$ArraySpliterator.tryAdvance(Spliterators.java:958)
at java.util.stream.ReferencePipeline.forEachWithCancel(ReferencePipeline.java:126)
at java.util.stream.AbstractPipeline.copyIntoWithCancel(AbstractPipeline.java:498)
at java.util.stream.AbstractPipeline.copyInto(AbstractPipeline.java:485)
at java.util.stream.AbstractPipeline.wrapAndCopyInto(AbstractPipeline.java:471)
at java.util.stream.FindOps$FindOp.evaluateSequential(FindOps.java:152)
at java.util.stream.AbstractPipeline.evaluate(AbstractPipeline.java:234)
at java.util.stream.ReferencePipeline.findFirst(ReferencePipeline.java:464)
at org.openqa.selenium.remote.ProtocolHandshake.createSession(ProtocolHandshake.java:128)
at org.openqa.selenium.remote.ProtocolHandshake.createSession(ProtocolHandshake.java:75)
at org.openqa.selenium.remote.HttpCommandExecutor.execute(HttpCommandExecutor.java:139)
at org.openqa.selenium.remote.service.DriverCommandExecutor.execute(DriverCommandExecutor.java:123)
at org.openqa.selenium.remote.RemoteWebDriver.execute(RemoteWebDriver.java:501)
at org.openqa.selenium.remote.RemoteWebDriver.startSession(RemoteWebDriver.java:207)
at org.openqa.selenium.remote.RemoteWebDriver.<init>(RemoteWebDriver.java:127)
at org.openqa.selenium.chromium.ChromiumDriver.<init>(ChromiumDriver.java:93)
at org.openqa.selenium.chrome.ChromeDriver.<init>(ChromeDriver.java:163)
at org.openqa.selenium.chrome.ChromeDriver.<init>(ChromeDriver.java:150)
at org.openqa.selenium.chrome.ChromeDriver.<init>(ChromeDriver.java:105)
at Flipkart.Test.NewTest.browser_properties(NewTest.java:74)
at sun.reflect.NativeMethodAccessorImpl.invoke0(Native Method)
at sun.reflect.NativeMethodAccessorImpl.invoke(NativeMethodAccessorImpl.java:62)
at sun.reflect.DelegatingMethodAccessorImpl.invoke(DelegatingMethodAccessorImpl.java:43)
at java.lang.reflect.Method.invoke(Method.java:497)
at org.testng.internal.MethodInvocationHelper.invokeMethod(MethodInvocationHelper.java:132)
at org.testng.internal.MethodInvocationHelper.invokeMethodConsideringTimeout(MethodInvocationHelper.java:61)
at org.testng.internal.ConfigInvoker.invokeConfigurationMethod(ConfigInvoker.java:366)
at org.testng.internal.ConfigInvoker.invokeConfigurations(ConfigInvoker.java:320)
at org.testng.TestRunner.invokeTestConfigurations(TestRunner.java:617)
at org.testng.TestRunner.beforeRun(TestRunner.java:607)
at org.testng.TestRunner.run(TestRunner.java:578)
at org.testng.SuiteRunner.runTest(SuiteRunner.java:384)
at org.testng.SuiteRunner.runSequentially(SuiteRunner.java:378)
at org.testng.SuiteRunner.privateRun(SuiteRunner.java:337)
at org.testng.SuiteRunner.run(SuiteRunner.java:286)
at org.testng.SuiteRunnerWorker.runSuite(SuiteRunnerWorker.java:53)
at org.testng.SuiteRunnerWorker.run(SuiteRunnerWorker.java:96)
at org.testng.TestNG.runSuitesSequentially(TestNG.java:1218)
at org.testng.TestNG.runSuitesLocally(TestNG.java:1140)
at org.testng.TestNG.runSuites(TestNG.java:1069)
at org.testng.TestNG.run(TestNG.java:1037)
at org.testng.remote.AbstractRemoteTestNG.run(AbstractRemoteTestNG.java:115)
at org.testng.remote.RemoteTestNG.initAndRun(RemoteTestNG.java:251)
at org.testng.remote.RemoteTestNG.main(RemoteTestNG.java:77)
]]>
    </error>
  </testcase> <!-- browser_properties -->
  <system-out/>
  <testcase name="testcase1" time="0.000" classname="Flipkart.Test.NewTest">
    <skipped/>
  </testcase> <!-- testcase1 -->
  <system-out/>
</testsuite> <!-- Flipkart.Test.NewTest -->
